<?xml version="1.0" encoding="UTF-8"?>
<!-- Generated by org.testng.reporters.JUnitReportReporter -->
<testsuite skipped="0" hostname="LAPTOP-758F0TJ9" name="com.erk.tests.LoginTests" tests="1" failures="0" timestamp="03 Jan 2019 02:36:17 GMT" time="14.927" errors="0">
  <testcase name="pozitiveLoginScnerio" time="14.927" classname="com.erk.tests.LoginTests"/>
</testsuite> <!-- com.erk.tests.LoginTests -->
