<?xml version="1.0" encoding="UTF-8"?>
<!-- Generated by org.testng.reporters.JUnitReportReporter -->
<testsuite skipped="0" hostname="LAPTOP-758F0TJ9" name="loginPage.Login" tests="1" failures="0" timestamp="30 Dec 2018 01:41:15 GMT" time="0.018" errors="0">
  <testcase name="ds" time="0.018" classname="loginPage.Login"/>
</testsuite> <!-- loginPage.Login -->
