<?xml version="1.0" encoding="UTF-8"?>
<!-- Generated by org.testng.reporters.JUnitReportReporter -->
<testsuite skipped="0" hostname="LAPTOP-758F0TJ9" name="testCases.Login" tests="1" failures="0" timestamp="30 Dec 2018 04:38:28 GMT" time="2.442" errors="0">
  <testcase name="verifyOrder" time="2.442" classname="testCases.Login"/>
</testsuite> <!-- testCases.Login -->
